<?xml version="1.0" encoding="UTF-8"?>
<robot generated="20190511 19:32:59.892" generator="Robot 3.0.4 (Python 2.7.9 on win32)">
<suite source="D:\Amazon Automation\Go-Jek\Amazon auto suite\Amazon_Gojek_Master_Suite.robot" id="s1" name="Amazon Gojek Master Suite">
<kw type="setup" name="Open browser">
<kw name="Fetch Data For Given Data Key From Given Datasheet Of Given Datafile" library="Amazon_Python_Utility">
<arguments>
<arg>${Urls_File_Path}</arg>
<arg>Amazon_Url</arg>
<arg>Home_Page_Url</arg>
</arguments>
<assign>
<var>${websites homepage url}</var>
</assign>
<msg timestamp="20190511 19:33:00.120" level="INFO">datafile D:\Amazon Automation\Go-Jek\URLs\Url.xlsx
File exists
workbook &lt;xlrd.book.Book object at 0x00000000063B2470&gt;
value https://www.amazon.com</msg>
<msg timestamp="20190511 19:33:00.121" level="INFO">${websites homepage url} = https://www.amazon.com</msg>
<status status="PASS" endtime="20190511 19:33:00.121" starttime="20190511 19:33:00.118"></status>
</kw>
<kw name="Fetch Data For Given Data Key From Given Datasheet Of Given Datafile" library="Amazon_Python_Utility">
<arguments>
<arg>${locators_file_path}</arg>
<arg>Verification_Entities</arg>
<arg>Verify_Amazon_Home_Page_Logo_css</arg>
</arguments>
<assign>
<var>${Verify_Amazon_Home_Page_Logo_css}</var>
</assign>
<msg timestamp="20190511 19:33:00.124" level="INFO">datafile D:\Amazon Automation\Go-Jek\Locators\Amazon_Locators.xlsx
File exists
workbook &lt;xlrd.book.Book object at 0x00000000063B2400&gt;
value css=div[id*='nav-logo']</msg>
<msg timestamp="20190511 19:33:00.125" level="INFO">${Verify_Amazon_Home_Page_Logo_css} = css=div[id*='nav-logo']</msg>
<status status="PASS" endtime="20190511 19:33:00.125" starttime="20190511 19:33:00.121"></status>
</kw>
<kw name="Set Selenium Timeout" library="CustomSeleniumLibrary">
<doc>Sets the timeout in seconds used by various keywords.</doc>
<arguments>
<arg>30</arg>
</arguments>
<status status="PASS" endtime="20190511 19:33:00.125" starttime="20190511 19:33:00.125"></status>
</kw>
<kw name="Set Selenium Implicit Wait" library="CustomSeleniumLibrary">
<doc>Sets Selenium 2's default implicit wait in seconds and</doc>
<arguments>
<arg>5 Seconds</arg>
</arguments>
<status status="PASS" endtime="20190511 19:33:00.126" starttime="20190511 19:33:00.125"></status>
</kw>
<kw name="Log" library="BuiltIn">
<doc>Logs the given message with the given level.</doc>
<arguments>
<arg>${websites homepage url}</arg>
</arguments>
<msg timestamp="20190511 19:33:00.126" level="INFO">https://www.amazon.com</msg>
<status status="PASS" endtime="20190511 19:33:00.126" starttime="20190511 19:33:00.126"></status>
</kw>
<kw name="Convert To String" library="BuiltIn">
<doc>Converts the given item to a Unicode string.</doc>
<arguments>
<arg>credentials_enable_service</arg>
</arguments>
<assign>
<var>${cred}</var>
</assign>
<msg timestamp="20190511 19:33:00.126" level="INFO">${cred} = credentials_enable_service</msg>
<status status="PASS" endtime="20190511 19:33:00.126" starttime="20190511 19:33:00.126"></status>
</kw>
<kw name="Convert To Boolean" library="BuiltIn">
<doc>Converts the given item to Boolean true or false.</doc>
<arguments>
<arg>False</arg>
</arguments>
<assign>
<var>${val}</var>
</assign>
<msg timestamp="20190511 19:33:00.127" level="INFO">${val} = False</msg>
<status status="PASS" endtime="20190511 19:33:00.127" starttime="20190511 19:33:00.127"></status>
</kw>
<kw name="Comment" library="BuiltIn">
<doc>Displays the given messages in the log file as keyword arguments.</doc>
<arguments>
<arg>${prefs}=</arg>
<arg>Create Dictionary</arg>
<arg>${geo}</arg>
<arg>${val}</arg>
</arguments>
<status status="PASS" endtime="20190511 19:33:00.127" starttime="20190511 19:33:00.127"></status>
</kw>
<kw name="Create Dictionary" library="BuiltIn">
<doc>Creates and returns a dictionary based on the given ``items``.</doc>
<arguments>
<arg>${cred}</arg>
<arg>${val}</arg>
</arguments>
<assign>
<var>${prefs}</var>
</assign>
<msg timestamp="20190511 19:33:00.128" level="INFO">${prefs} = {u'credentials_enable_service': False}</msg>
<status status="PASS" endtime="20190511 19:33:00.128" starttime="20190511 19:33:00.127"></status>
</kw>
<kw name="Evaluate" library="BuiltIn">
<doc>Evaluates the given expression in Python and returns the results.</doc>
<arguments>
<arg>sys.modules['selenium.webdriver'].ChromeOptions()</arg>
<arg>sys, selenium.webdriver</arg>
</arguments>
<assign>
<var>${chrome_options}</var>
</assign>
<msg timestamp="20190511 19:33:00.128" level="INFO">${chrome_options} = &lt;selenium.webdriver.chrome.options.Options object at 0x00000000063D1048&gt;</msg>
<status status="PASS" endtime="20190511 19:33:00.128" starttime="20190511 19:33:00.128"></status>
</kw>
<kw name="Call Method" library="BuiltIn">
<doc>Calls the named method of the given object with the provided arguments.</doc>
<arguments>
<arg>${chrome_options}</arg>
<arg>add_argument</arg>
<arg>allow-running-insecure-content</arg>
</arguments>
<status status="PASS" endtime="20190511 19:33:00.129" starttime="20190511 19:33:00.128"></status>
</kw>
<kw name="Call Method" library="BuiltIn">
<doc>Calls the named method of the given object with the provided arguments.</doc>
<arguments>
<arg>${chrome_options}</arg>
<arg>add_argument</arg>
<arg>disable-web-notification-custom-layouts</arg>
</arguments>
<status status="PASS" endtime="20190511 19:33:00.129" starttime="20190511 19:33:00.129"></status>
</kw>
<kw name="Call Method" library="BuiltIn">
<doc>Calls the named method of the given object with the provided arguments.</doc>
<arguments>
<arg>${chrome_options}</arg>
<arg>add_argument</arg>
<arg>disable-notifications</arg>
</arguments>
<status status="PASS" endtime="20190511 19:33:00.129" starttime="20190511 19:33:00.129"></status>
</kw>
<kw name="Call Method" library="BuiltIn">
<doc>Calls the named method of the given object with the provided arguments.</doc>
<arguments>
<arg>${chrome_options}</arg>
<arg>add_experimental_option</arg>
<arg>prefs</arg>
<arg>${prefs}</arg>
</arguments>
<status status="PASS" endtime="20190511 19:33:00.130" starttime="20190511 19:33:00.129"></status>
</kw>
<kw name="Create Webdriver" library="CustomSeleniumLibrary">
<doc>Creates an instance of a WebDriver.</doc>
<arguments>
<arg>Chrome</arg>
<arg>chrome_options=${chrome_options}</arg>
<arg>executable_path=${chrome_exe_path}</arg>
</arguments>
<msg timestamp="20190511 19:33:00.130" level="INFO">Creating an instance of the Chrome WebDriver</msg>
<status status="PASS" endtime="20190511 19:33:02.758" starttime="20190511 19:33:00.130"></status>
</kw>
<kw name="Go To" library="CustomSeleniumLibrary">
<doc>Navigates the active browser instance to the provided URL.</doc>
<arguments>
<arg>${websites homepage url}</arg>
</arguments>
<msg timestamp="20190511 19:33:02.758" level="INFO">Opening url 'https://www.amazon.com'</msg>
<status status="PASS" endtime="20190511 19:33:04.330" starttime="20190511 19:33:02.758"></status>
</kw>
<kw name="Get Window Size" library="CustomSeleniumLibrary">
<doc>Returns current window size as `width` then `height`.</doc>
<assign>
<var>${w}</var>
<var>${h}</var>
</assign>
<kw name="Capture Page Screenshot" library="CustomSeleniumLibrary">
<doc>Takes a screenshot of the current page and embeds it into the log.</doc>
<msg timestamp="20190511 19:33:14.378" level="FAIL">NoSuchWindowException: Message: no such window: target window already closed
from unknown error: web view not found
  (Session info: chrome=73.0.3683.103)
  (Driver info: chromedriver=2.46.628402 (536cd7adbad73a3783fdc2cab92ab2ba7ec361e1),platform=Windows NT 10.0.16299 x86_64)
</msg>
<status status="FAIL" endtime="20190511 19:33:14.378" starttime="20190511 19:33:14.360"></status>
</kw>
<msg timestamp="20190511 19:33:14.378" level="WARN">Keyword 'Capture Page Screenshot' could not be run on failure: NoSuchWindowException: Message: no such window: target window already closed
from unknown error: web view not found
  (Session info: chrome=73.0.3683.103)
  (Driver info: chromedriver=2.46.628402 (536cd7adbad73a3783fdc2cab92ab2ba7ec361e1),platform=Windows NT 10.0.16299 x86_64)
</msg>
<msg timestamp="20190511 19:33:14.434" level="FAIL">KeyError: 'width'</msg>
<status status="FAIL" endtime="20190511 19:33:14.434" starttime="20190511 19:33:04.330"></status>
</kw>
<status status="FAIL" endtime="20190511 19:33:14.435" starttime="20190511 19:33:00.118"></status>
</kw>
<test id="s1-t1" name="TC_Select_Available_Headphone_And_Add_to_Cart">
<tags>
<tag>Sanity</tag>
<tag>TC1</tag>
</tags>
<status status="FAIL" endtime="20190511 19:33:14.436" critical="yes" starttime="20190511 19:33:14.435">Parent suite setup failed:
KeyError: 'width'</status>
</test>
<kw type="teardown" name="Browser Close">
<kw name="Logout">
<kw name="Fetch Data For Given Data Key From Given Datasheet Of Given Datafile" library="Amazon_Python_Utility">
<arguments>
<arg>${locators_file_path}</arg>
<arg>Locator_ids</arg>
<arg>Amazon_Home_Page_Sign_In_Text_xpath</arg>
</arguments>
<assign>
<var>${Amazon_Home_Page_Sign_In_Text_xpath}</var>
</assign>
<msg timestamp="20190511 19:33:14.447" level="INFO">datafile D:\Amazon Automation\Go-Jek\Locators\Amazon_Locators.xlsx
File exists
workbook &lt;xlrd.book.Book object at 0x0000000006465630&gt;
value xpath=(//span[contains(text(),'Hello, Sign in')]/..)</msg>
<msg timestamp="20190511 19:33:14.447" level="INFO">${Amazon_Home_Page_Sign_In_Text_xpath} = xpath=(//span[contains(text(),'Hello, Sign in')]/..)</msg>
<status status="PASS" endtime="20190511 19:33:14.447" starttime="20190511 19:33:14.441"></status>
</kw>
<kw name="Fetch Data For Given Data Key From Given Datasheet Of Given Datafile" library="Amazon_Python_Utility">
<arguments>
<arg>${locators_file_path}</arg>
<arg>Locator_ids</arg>
<arg>Amazon_Hello_Text_xpath</arg>
</arguments>
<assign>
<var>${Amazon_Hello_Text_xpath}</var>
</assign>
<msg timestamp="20190511 19:33:14.452" level="INFO">datafile D:\Amazon Automation\Go-Jek\Locators\Amazon_Locators.xlsx
File exists
workbook &lt;xlrd.book.Book object at 0x0000000006465F28&gt;
value xpath=(//span[contains(text(),'Hello')])</msg>
<msg timestamp="20190511 19:33:14.452" level="INFO">${Amazon_Hello_Text_xpath} = xpath=(//span[contains(text(),'Hello')])</msg>
<status status="PASS" endtime="20190511 19:33:14.452" starttime="20190511 19:33:14.447"></status>
</kw>
<kw name="Fetch Data For Given Data Key From Given Datasheet Of Given Datafile" library="Amazon_Python_Utility">
<arguments>
<arg>${locators_file_path}</arg>
<arg>Locator_ids</arg>
<arg>Amazon_Sign_Out_Button_xpath</arg>
</arguments>
<assign>
<var>${Amazon_Sign_Out_Button_xpath}</var>
</assign>
<msg timestamp="20190511 19:33:14.456" level="INFO">datafile D:\Amazon Automation\Go-Jek\Locators\Amazon_Locators.xlsx
File exists
workbook &lt;xlrd.book.Book object at 0x000000000646C0B8&gt;
value xpath=(//span[contains(text(),'Sign Out')]/..)</msg>
<msg timestamp="20190511 19:33:14.456" level="INFO">${Amazon_Sign_Out_Button_xpath} = xpath=(//span[contains(text(),'Sign Out')]/..)</msg>
<status status="PASS" endtime="20190511 19:33:14.456" starttime="20190511 19:33:14.452"></status>
</kw>
<kw name="Fetch Data For Given Data Key From Given Datasheet Of Given Datafile" library="Amazon_Python_Utility">
<arguments>
<arg>${locators_file_path}</arg>
<arg>Verification_Entities</arg>
<arg>Verify_Amazon_Sign_In_Text_xpath</arg>
</arguments>
<assign>
<var>${Verify_Amazon_Sign_In_Text_xpath}</var>
</assign>
<msg timestamp="20190511 19:33:14.460" level="INFO">datafile D:\Amazon Automation\Go-Jek\Locators\Amazon_Locators.xlsx
File exists
workbook &lt;xlrd.book.Book object at 0x000000000646CDD8&gt;
value xpath=//h1[contains(text(),'Sign in')]</msg>
<msg timestamp="20190511 19:33:14.460" level="INFO">${Verify_Amazon_Sign_In_Text_xpath} = xpath=//h1[contains(text(),'Sign in')]</msg>
<status status="PASS" endtime="20190511 19:33:14.460" starttime="20190511 19:33:14.457"></status>
</kw>
<kw name="Run Keyword And Continue On Failure" library="BuiltIn">
<doc>Runs the keyword and continues execution even if a failure occurs.</doc>
<arguments>
<arg>Wait Keyword</arg>
<arg>${Amazon_Hello_Text_xpath}</arg>
<arg>Amazon sign in Text</arg>
</arguments>
<kw name="Wait Keyword">
<arguments>
<arg>${Amazon_Hello_Text_xpath}</arg>
<arg>Amazon sign in Text</arg>
</arguments>
<kw name="Convert To String" library="BuiltIn">
<doc>Converts the given item to a Unicode string.</doc>
<arguments>
<arg>30s</arg>
</arguments>
<assign>
<var>${Delay}</var>
</assign>
<msg timestamp="20190511 19:33:14.461" level="INFO">${Delay} = 30s</msg>
<status status="PASS" endtime="20190511 19:33:14.462" starttime="20190511 19:33:14.461"></status>
</kw>
<kw name="Wait Until Page Contains Element" library="CustomSeleniumLibrary">
<doc>Waits until element specified with `locator` appears on current page.</doc>
<arguments>
<arg>${locator}</arg>
<arg>${Delay}</arg>
<arg>Page does not contain the ${Message}</arg>
</arguments>
<kw name="Capture Page Screenshot" library="CustomSeleniumLibrary">
<doc>Takes a screenshot of the current page and embeds it into the log.</doc>
<msg timestamp="20190511 19:33:14.545" level="FAIL">NoSuchWindowException: Message: no such window: target window already closed
from unknown error: web view not found
  (Session info: chrome=73.0.3683.103)
  (Driver info: chromedriver=2.46.628402 (536cd7adbad73a3783fdc2cab92ab2ba7ec361e1),platform=Windows NT 10.0.16299 x86_64)
</msg>
<status status="FAIL" endtime="20190511 19:33:14.545" starttime="20190511 19:33:14.537"></status>
</kw>
<msg timestamp="20190511 19:33:14.545" level="WARN">Keyword 'Capture Page Screenshot' could not be run on failure: NoSuchWindowException: Message: no such window: target window already closed
from unknown error: web view not found
  (Session info: chrome=73.0.3683.103)
  (Driver info: chromedriver=2.46.628402 (536cd7adbad73a3783fdc2cab92ab2ba7ec361e1),platform=Windows NT 10.0.16299 x86_64)
</msg>
<msg timestamp="20190511 19:33:14.550" level="FAIL">NoSuchWindowException: Message: no such window: target window already closed
from unknown error: web view not found
  (Session info: chrome=73.0.3683.103)
  (Driver info: chromedriver=2.46.628402 (536cd7adbad73a3783fdc2cab92ab2ba7ec361e1),platform=Windows NT 10.0.16299 x86_64)
</msg>
<status status="FAIL" endtime="20190511 19:33:14.551" starttime="20190511 19:33:14.462"></status>
</kw>
<kw name="Wait Until Element Is Visible" library="CustomSeleniumLibrary">
<doc>Waits until element specified with `locator` is visible.</doc>
<arguments>
<arg>${locator}</arg>
<arg>${Delay}</arg>
<arg>${Message} is not displayed on the page</arg>
</arguments>
<kw name="Capture Page Screenshot" library="CustomSeleniumLibrary">
<doc>Takes a screenshot of the current page and embeds it into the log.</doc>
<msg timestamp="20190511 19:33:14.562" level="FAIL">NoSuchWindowException: Message: no such window: target window already closed
from unknown error: web view not found
  (Session info: chrome=73.0.3683.103)
  (Driver info: chromedriver=2.46.628402 (536cd7adbad73a3783fdc2cab92ab2ba7ec361e1),platform=Windows NT 10.0.16299 x86_64)
</msg>
<status status="FAIL" endtime="20190511 19:33:14.562" starttime="20190511 19:33:14.556"></status>
</kw>
<msg timestamp="20190511 19:33:14.562" level="WARN">Keyword 'Capture Page Screenshot' could not be run on failure: NoSuchWindowException: Message: no such window: target window already closed
from unknown error: web view not found
  (Session info: chrome=73.0.3683.103)
  (Driver info: chromedriver=2.46.628402 (536cd7adbad73a3783fdc2cab92ab2ba7ec361e1),platform=Windows NT 10.0.16299 x86_64)
</msg>
<msg timestamp="20190511 19:33:14.567" level="FAIL">NoSuchWindowException: Message: no such window: target window already closed
from unknown error: web view not found
  (Session info: chrome=73.0.3683.103)
  (Driver info: chromedriver=2.46.628402 (536cd7adbad73a3783fdc2cab92ab2ba7ec361e1),platform=Windows NT 10.0.16299 x86_64)
</msg>
<status status="FAIL" endtime="20190511 19:33:14.568" starttime="20190511 19:33:14.551"></status>
</kw>
<kw name="Wait Until Element Is Enabled" library="CustomSeleniumLibrary">
<doc>Waits until element specified with `locator` is enabled.</doc>
<arguments>
<arg>${locator}</arg>
<arg>${Delay}</arg>
<arg>${Message} is not enabled</arg>
</arguments>
<kw name="Capture Page Screenshot" library="CustomSeleniumLibrary">
<doc>Takes a screenshot of the current page and embeds it into the log.</doc>
<msg timestamp="20190511 19:33:14.578" level="FAIL">NoSuchWindowException: Message: no such window: target window already closed
from unknown error: web view not found
  (Session info: chrome=73.0.3683.103)
  (Driver info: chromedriver=2.46.628402 (536cd7adbad73a3783fdc2cab92ab2ba7ec361e1),platform=Windows NT 10.0.16299 x86_64)
</msg>
<status status="FAIL" endtime="20190511 19:33:14.578" starttime="20190511 19:33:14.572"></status>
</kw>
<msg timestamp="20190511 19:33:14.578" level="WARN">Keyword 'Capture Page Screenshot' could not be run on failure: NoSuchWindowException: Message: no such window: target window already closed
from unknown error: web view not found
  (Session info: chrome=73.0.3683.103)
  (Driver info: chromedriver=2.46.628402 (536cd7adbad73a3783fdc2cab92ab2ba7ec361e1),platform=Windows NT 10.0.16299 x86_64)
</msg>
<msg timestamp="20190511 19:33:14.583" level="FAIL">NoSuchWindowException: Message: no such window: target window already closed
from unknown error: web view not found
  (Session info: chrome=73.0.3683.103)
  (Driver info: chromedriver=2.46.628402 (536cd7adbad73a3783fdc2cab92ab2ba7ec361e1),platform=Windows NT 10.0.16299 x86_64)
</msg>
<status status="FAIL" endtime="20190511 19:33:14.584" starttime="20190511 19:33:14.568"></status>
</kw>
<status status="FAIL" endtime="20190511 19:33:14.584" starttime="20190511 19:33:14.461"></status>
</kw>
<status status="FAIL" endtime="20190511 19:33:14.584" starttime="20190511 19:33:14.461"></status>
</kw>
<kw name="Run Keyword And Continue On Failure" library="BuiltIn">
<doc>Runs the keyword and continues execution even if a failure occurs.</doc>
<arguments>
<arg>Mouse Over</arg>
<arg>${Amazon_Hello_Text_xpath}</arg>
</arguments>
<kw name="Mouse Over" library="CustomSeleniumLibrary">
<doc>Simulates hovering mouse over the element specified by `locator`.</doc>
<arguments>
<arg>${Amazon_Hello_Text_xpath}</arg>
</arguments>
<msg timestamp="20190511 19:33:14.585" level="INFO">Simulating Mouse Over on element 'xpath=(//span[contains(text(),'Hello')])'</msg>
<kw name="Capture Page Screenshot" library="CustomSeleniumLibrary">
<doc>Takes a screenshot of the current page and embeds it into the log.</doc>
<msg timestamp="20190511 19:33:14.596" level="FAIL">NoSuchWindowException: Message: no such window: target window already closed
from unknown error: web view not found
  (Session info: chrome=73.0.3683.103)
  (Driver info: chromedriver=2.46.628402 (536cd7adbad73a3783fdc2cab92ab2ba7ec361e1),platform=Windows NT 10.0.16299 x86_64)
</msg>
<status status="FAIL" endtime="20190511 19:33:14.597" starttime="20190511 19:33:14.590"></status>
</kw>
<msg timestamp="20190511 19:33:14.597" level="WARN">Keyword 'Capture Page Screenshot' could not be run on failure: NoSuchWindowException: Message: no such window: target window already closed
from unknown error: web view not found
  (Session info: chrome=73.0.3683.103)
  (Driver info: chromedriver=2.46.628402 (536cd7adbad73a3783fdc2cab92ab2ba7ec361e1),platform=Windows NT 10.0.16299 x86_64)
</msg>
<msg timestamp="20190511 19:33:14.601" level="FAIL">NoSuchWindowException: Message: no such window: target window already closed
from unknown error: web view not found
  (Session info: chrome=73.0.3683.103)
  (Driver info: chromedriver=2.46.628402 (536cd7adbad73a3783fdc2cab92ab2ba7ec361e1),platform=Windows NT 10.0.16299 x86_64)
</msg>
<status status="FAIL" endtime="20190511 19:33:14.601" starttime="20190511 19:33:14.585"></status>
</kw>
<status status="FAIL" endtime="20190511 19:33:14.601" starttime="20190511 19:33:14.584"></status>
</kw>
<kw name="Run Keyword And Continue On Failure" library="BuiltIn">
<doc>Runs the keyword and continues execution even if a failure occurs.</doc>
<arguments>
<arg>Wait Keyword</arg>
<arg>${Amazon_Sign_Out_Button_xpath}</arg>
<arg>Amazon Sign Out Button</arg>
</arguments>
<kw name="Wait Keyword">
<arguments>
<arg>${Amazon_Sign_Out_Button_xpath}</arg>
<arg>Amazon Sign Out Button</arg>
</arguments>
<kw name="Convert To String" library="BuiltIn">
<doc>Converts the given item to a Unicode string.</doc>
<arguments>
<arg>30s</arg>
</arguments>
<assign>
<var>${Delay}</var>
</assign>
<msg timestamp="20190511 19:33:14.602" level="INFO">${Delay} = 30s</msg>
<status status="PASS" endtime="20190511 19:33:14.602" starttime="20190511 19:33:14.602"></status>
</kw>
<kw name="Wait Until Page Contains Element" library="CustomSeleniumLibrary">
<doc>Waits until element specified with `locator` appears on current page.</doc>
<arguments>
<arg>${locator}</arg>
<arg>${Delay}</arg>
<arg>Page does not contain the ${Message}</arg>
</arguments>
<kw name="Capture Page Screenshot" library="CustomSeleniumLibrary">
<doc>Takes a screenshot of the current page and embeds it into the log.</doc>
<msg timestamp="20190511 19:33:14.686" level="FAIL">NoSuchWindowException: Message: no such window: target window already closed
from unknown error: web view not found
  (Session info: chrome=73.0.3683.103)
  (Driver info: chromedriver=2.46.628402 (536cd7adbad73a3783fdc2cab92ab2ba7ec361e1),platform=Windows NT 10.0.16299 x86_64)
</msg>
<status status="FAIL" endtime="20190511 19:33:14.686" starttime="20190511 19:33:14.680"></status>
</kw>
<msg timestamp="20190511 19:33:14.686" level="WARN">Keyword 'Capture Page Screenshot' could not be run on failure: NoSuchWindowException: Message: no such window: target window already closed
from unknown error: web view not found
  (Session info: chrome=73.0.3683.103)
  (Driver info: chromedriver=2.46.628402 (536cd7adbad73a3783fdc2cab92ab2ba7ec361e1),platform=Windows NT 10.0.16299 x86_64)
</msg>
<msg timestamp="20190511 19:33:14.690" level="FAIL">NoSuchWindowException: Message: no such window: target window already closed
from unknown error: web view not found
  (Session info: chrome=73.0.3683.103)
  (Driver info: chromedriver=2.46.628402 (536cd7adbad73a3783fdc2cab92ab2ba7ec361e1),platform=Windows NT 10.0.16299 x86_64)
</msg>
<status status="FAIL" endtime="20190511 19:33:14.690" starttime="20190511 19:33:14.603"></status>
</kw>
<kw name="Wait Until Element Is Visible" library="CustomSeleniumLibrary">
<doc>Waits until element specified with `locator` is visible.</doc>
<arguments>
<arg>${locator}</arg>
<arg>${Delay}</arg>
<arg>${Message} is not displayed on the page</arg>
</arguments>
<kw name="Capture Page Screenshot" library="CustomSeleniumLibrary">
<doc>Takes a screenshot of the current page and embeds it into the log.</doc>
<msg timestamp="20190511 19:33:14.702" level="FAIL">NoSuchWindowException: Message: no such window: target window already closed
from unknown error: web view not found
  (Session info: chrome=73.0.3683.103)
  (Driver info: chromedriver=2.46.628402 (536cd7adbad73a3783fdc2cab92ab2ba7ec361e1),platform=Windows NT 10.0.16299 x86_64)
</msg>
<status status="FAIL" endtime="20190511 19:33:14.702" starttime="20190511 19:33:14.695"></status>
</kw>
<msg timestamp="20190511 19:33:14.702" level="WARN">Keyword 'Capture Page Screenshot' could not be run on failure: NoSuchWindowException: Message: no such window: target window already closed
from unknown error: web view not found
  (Session info: chrome=73.0.3683.103)
  (Driver info: chromedriver=2.46.628402 (536cd7adbad73a3783fdc2cab92ab2ba7ec361e1),platform=Windows NT 10.0.16299 x86_64)
</msg>
<msg timestamp="20190511 19:33:14.707" level="FAIL">NoSuchWindowException: Message: no such window: target window already closed
from unknown error: web view not found
  (Session info: chrome=73.0.3683.103)
  (Driver info: chromedriver=2.46.628402 (536cd7adbad73a3783fdc2cab92ab2ba7ec361e1),platform=Windows NT 10.0.16299 x86_64)
</msg>
<status status="FAIL" endtime="20190511 19:33:14.707" starttime="20190511 19:33:14.690"></status>
</kw>
<kw name="Wait Until Element Is Enabled" library="CustomSeleniumLibrary">
<doc>Waits until element specified with `locator` is enabled.</doc>
<arguments>
<arg>${locator}</arg>
<arg>${Delay}</arg>
<arg>${Message} is not enabled</arg>
</arguments>
<kw name="Capture Page Screenshot" library="CustomSeleniumLibrary">
<doc>Takes a screenshot of the current page and embeds it into the log.</doc>
<msg timestamp="20190511 19:33:14.721" level="FAIL">NoSuchWindowException: Message: no such window: target window already closed
from unknown error: web view not found
  (Session info: chrome=73.0.3683.103)
  (Driver info: chromedriver=2.46.628402 (536cd7adbad73a3783fdc2cab92ab2ba7ec361e1),platform=Windows NT 10.0.16299 x86_64)
</msg>
<status status="FAIL" endtime="20190511 19:33:14.721" starttime="20190511 19:33:14.715"></status>
</kw>
<msg timestamp="20190511 19:33:14.721" level="WARN">Keyword 'Capture Page Screenshot' could not be run on failure: NoSuchWindowException: Message: no such window: target window already closed
from unknown error: web view not found
  (Session info: chrome=73.0.3683.103)
  (Driver info: chromedriver=2.46.628402 (536cd7adbad73a3783fdc2cab92ab2ba7ec361e1),platform=Windows NT 10.0.16299 x86_64)
</msg>
<msg timestamp="20190511 19:33:14.725" level="FAIL">NoSuchWindowException: Message: no such window: target window already closed
from unknown error: web view not found
  (Session info: chrome=73.0.3683.103)
  (Driver info: chromedriver=2.46.628402 (536cd7adbad73a3783fdc2cab92ab2ba7ec361e1),platform=Windows NT 10.0.16299 x86_64)
</msg>
<status status="FAIL" endtime="20190511 19:33:14.726" starttime="20190511 19:33:14.707"></status>
</kw>
<status status="FAIL" endtime="20190511 19:33:14.726" starttime="20190511 19:33:14.601"></status>
</kw>
<status status="FAIL" endtime="20190511 19:33:14.726" starttime="20190511 19:33:14.601"></status>
</kw>
<kw name="Run Keyword And Continue On Failure" library="BuiltIn">
<doc>Runs the keyword and continues execution even if a failure occurs.</doc>
<arguments>
<arg>Click Element</arg>
<arg>${Amazon_Sign_Out_Button_xpath}</arg>
</arguments>
<kw name="Click Element" library="CustomSeleniumLibrary">
<doc>Click element identified by `locator`.</doc>
<arguments>
<arg>${Amazon_Sign_Out_Button_xpath}</arg>
</arguments>
<msg timestamp="20190511 19:33:14.727" level="INFO">Clicking element 'xpath=(//span[contains(text(),'Sign Out')]/..)'.</msg>
<kw name="Capture Page Screenshot" library="CustomSeleniumLibrary">
<doc>Takes a screenshot of the current page and embeds it into the log.</doc>
<msg timestamp="20190511 19:33:14.738" level="FAIL">NoSuchWindowException: Message: no such window: target window already closed
from unknown error: web view not found
  (Session info: chrome=73.0.3683.103)
  (Driver info: chromedriver=2.46.628402 (536cd7adbad73a3783fdc2cab92ab2ba7ec361e1),platform=Windows NT 10.0.16299 x86_64)
</msg>
<status status="FAIL" endtime="20190511 19:33:14.738" starttime="20190511 19:33:14.732"></status>
</kw>
<msg timestamp="20190511 19:33:14.739" level="WARN">Keyword 'Capture Page Screenshot' could not be run on failure: NoSuchWindowException: Message: no such window: target window already closed
from unknown error: web view not found
  (Session info: chrome=73.0.3683.103)
  (Driver info: chromedriver=2.46.628402 (536cd7adbad73a3783fdc2cab92ab2ba7ec361e1),platform=Windows NT 10.0.16299 x86_64)
</msg>
<msg timestamp="20190511 19:33:14.743" level="FAIL">NoSuchWindowException: Message: no such window: target window already closed
from unknown error: web view not found
  (Session info: chrome=73.0.3683.103)
  (Driver info: chromedriver=2.46.628402 (536cd7adbad73a3783fdc2cab92ab2ba7ec361e1),platform=Windows NT 10.0.16299 x86_64)
</msg>
<status status="FAIL" endtime="20190511 19:33:14.743" starttime="20190511 19:33:14.727"></status>
</kw>
<status status="FAIL" endtime="20190511 19:33:14.744" starttime="20190511 19:33:14.726"></status>
</kw>
<kw name="Run Keyword And Continue On Failure" library="BuiltIn">
<doc>Runs the keyword and continues execution even if a failure occurs.</doc>
<arguments>
<arg>Wait Keyword</arg>
<arg>${Verify_Amazon_Sign_In_Text_xpath}</arg>
<arg>Amazon sign in header text</arg>
</arguments>
<kw name="Wait Keyword">
<arguments>
<arg>${Verify_Amazon_Sign_In_Text_xpath}</arg>
<arg>Amazon sign in header text</arg>
</arguments>
<kw name="Convert To String" library="BuiltIn">
<doc>Converts the given item to a Unicode string.</doc>
<arguments>
<arg>30s</arg>
</arguments>
<assign>
<var>${Delay}</var>
</assign>
<msg timestamp="20190511 19:33:14.745" level="INFO">${Delay} = 30s</msg>
<status status="PASS" endtime="20190511 19:33:14.745" starttime="20190511 19:33:14.745"></status>
</kw>
<kw name="Wait Until Page Contains Element" library="CustomSeleniumLibrary">
<doc>Waits until element specified with `locator` appears on current page.</doc>
<arguments>
<arg>${locator}</arg>
<arg>${Delay}</arg>
<arg>Page does not contain the ${Message}</arg>
</arguments>
<kw name="Capture Page Screenshot" library="CustomSeleniumLibrary">
<doc>Takes a screenshot of the current page and embeds it into the log.</doc>
<msg timestamp="20190511 19:33:14.819" level="FAIL">NoSuchWindowException: Message: no such window: target window already closed
from unknown error: web view not found
  (Session info: chrome=73.0.3683.103)
  (Driver info: chromedriver=2.46.628402 (536cd7adbad73a3783fdc2cab92ab2ba7ec361e1),platform=Windows NT 10.0.16299 x86_64)
</msg>
<status status="FAIL" endtime="20190511 19:33:14.820" starttime="20190511 19:33:14.814"></status>
</kw>
<msg timestamp="20190511 19:33:14.820" level="WARN">Keyword 'Capture Page Screenshot' could not be run on failure: NoSuchWindowException: Message: no such window: target window already closed
from unknown error: web view not found
  (Session info: chrome=73.0.3683.103)
  (Driver info: chromedriver=2.46.628402 (536cd7adbad73a3783fdc2cab92ab2ba7ec361e1),platform=Windows NT 10.0.16299 x86_64)
</msg>
<msg timestamp="20190511 19:33:14.823" level="FAIL">NoSuchWindowException: Message: no such window: target window already closed
from unknown error: web view not found
  (Session info: chrome=73.0.3683.103)
  (Driver info: chromedriver=2.46.628402 (536cd7adbad73a3783fdc2cab92ab2ba7ec361e1),platform=Windows NT 10.0.16299 x86_64)
</msg>
<status status="FAIL" endtime="20190511 19:33:14.823" starttime="20190511 19:33:14.745"></status>
</kw>
<kw name="Wait Until Element Is Visible" library="CustomSeleniumLibrary">
<doc>Waits until element specified with `locator` is visible.</doc>
<arguments>
<arg>${locator}</arg>
<arg>${Delay}</arg>
<arg>${Message} is not displayed on the page</arg>
</arguments>
<kw name="Capture Page Screenshot" library="CustomSeleniumLibrary">
<doc>Takes a screenshot of the current page and embeds it into the log.</doc>
<msg timestamp="20190511 19:33:14.834" level="FAIL">NoSuchWindowException: Message: no such window: target window already closed
from unknown error: web view not found
  (Session info: chrome=73.0.3683.103)
  (Driver info: chromedriver=2.46.628402 (536cd7adbad73a3783fdc2cab92ab2ba7ec361e1),platform=Windows NT 10.0.16299 x86_64)
</msg>
<status status="FAIL" endtime="20190511 19:33:14.835" starttime="20190511 19:33:14.828"></status>
</kw>
<msg timestamp="20190511 19:33:14.835" level="WARN">Keyword 'Capture Page Screenshot' could not be run on failure: NoSuchWindowException: Message: no such window: target window already closed
from unknown error: web view not found
  (Session info: chrome=73.0.3683.103)
  (Driver info: chromedriver=2.46.628402 (536cd7adbad73a3783fdc2cab92ab2ba7ec361e1),platform=Windows NT 10.0.16299 x86_64)
</msg>
<msg timestamp="20190511 19:33:14.838" level="FAIL">NoSuchWindowException: Message: no such window: target window already closed
from unknown error: web view not found
  (Session info: chrome=73.0.3683.103)
  (Driver info: chromedriver=2.46.628402 (536cd7adbad73a3783fdc2cab92ab2ba7ec361e1),platform=Windows NT 10.0.16299 x86_64)
</msg>
<status status="FAIL" endtime="20190511 19:33:14.838" starttime="20190511 19:33:14.823"></status>
</kw>
<kw name="Wait Until Element Is Enabled" library="CustomSeleniumLibrary">
<doc>Waits until element specified with `locator` is enabled.</doc>
<arguments>
<arg>${locator}</arg>
<arg>${Delay}</arg>
<arg>${Message} is not enabled</arg>
</arguments>
<kw name="Capture Page Screenshot" library="CustomSeleniumLibrary">
<doc>Takes a screenshot of the current page and embeds it into the log.</doc>
<msg timestamp="20190511 19:33:14.850" level="FAIL">NoSuchWindowException: Message: no such window: target window already closed
from unknown error: web view not found
  (Session info: chrome=73.0.3683.103)
  (Driver info: chromedriver=2.46.628402 (536cd7adbad73a3783fdc2cab92ab2ba7ec361e1),platform=Windows NT 10.0.16299 x86_64)
</msg>
<status status="FAIL" endtime="20190511 19:33:14.850" starttime="20190511 19:33:14.843"></status>
</kw>
<msg timestamp="20190511 19:33:14.850" level="WARN">Keyword 'Capture Page Screenshot' could not be run on failure: NoSuchWindowException: Message: no such window: target window already closed
from unknown error: web view not found
  (Session info: chrome=73.0.3683.103)
  (Driver info: chromedriver=2.46.628402 (536cd7adbad73a3783fdc2cab92ab2ba7ec361e1),platform=Windows NT 10.0.16299 x86_64)
</msg>
<msg timestamp="20190511 19:33:14.854" level="FAIL">NoSuchWindowException: Message: no such window: target window already closed
from unknown error: web view not found
  (Session info: chrome=73.0.3683.103)
  (Driver info: chromedriver=2.46.628402 (536cd7adbad73a3783fdc2cab92ab2ba7ec361e1),platform=Windows NT 10.0.16299 x86_64)
</msg>
<status status="FAIL" endtime="20190511 19:33:14.854" starttime="20190511 19:33:14.839"></status>
</kw>
<status status="FAIL" endtime="20190511 19:33:14.854" starttime="20190511 19:33:14.744"></status>
</kw>
<status status="FAIL" endtime="20190511 19:33:14.854" starttime="20190511 19:33:14.744"></status>
</kw>
<status status="FAIL" endtime="20190511 19:33:14.854" starttime="20190511 19:33:14.440"></status>
</kw>
<kw name="Close All Browsers" library="CustomSeleniumLibrary">
<doc>Closes all open browsers and resets the browser cache.</doc>
<status status="PASS" endtime="20190511 19:33:16.937" starttime="20190511 19:33:14.854"></status>
</kw>
<status status="FAIL" endtime="20190511 19:33:16.937" starttime="20190511 19:33:14.440">Several failures occurred:

1) NoSuchWindowException: Message: no such window: target window already closed
from unknown error: web view not found
  (Session info: chrome=73.0.3683.103)
  (Driver info: chromedriver=2.46.628402 (536cd7adbad73a3783fdc2cab92ab2ba7ec361e1),platform=Windows NT 10.0.16299 x86_64)


2) NoSuchWindowException: Message: no such window: target window already closed
from unknown error: web view not found
  (Session info: chrome=73.0.3683.103)
  (Driver info: chromedriver=2.46.628402 (536cd7adbad73a3783fdc2cab92ab2ba7ec361e1),platform=Windows NT 10.0.16299 x86_64)


3) NoSuchWindowException: Message: no such window: target window already closed
    [ Message content over the limit has been removed. ]
from unknown error: web view not found
  (Session info: chrome=73.0.3683.103)
  (Driver info: chromedriver=2.46.628402 (536cd7adbad73a3783fdc2cab92ab2ba7ec361e1),platform=Windows NT 10.0.16299 x86_64)


10) NoSuchWindowException: Message: no such window: target window already closed
from unknown error: web view not found
  (Session info: chrome=73.0.3683.103)
  (Driver info: chromedriver=2.46.628402 (536cd7adbad73a3783fdc2cab92ab2ba7ec361e1),platform=Windows NT 10.0.16299 x86_64)


11) NoSuchWindowException: Message: no such window: target window already closed
from unknown error: web view not found
  (Session info: chrome=73.0.3683.103)
  (Driver info: chromedriver=2.46.628402 (536cd7adbad73a3783fdc2cab92ab2ba7ec361e1),platform=Windows NT 10.0.16299 x86_64)</status>
</kw>
<status status="FAIL" endtime="20190511 19:33:16.937" starttime="20190511 19:32:59.895">Suite setup failed:
KeyError: 'width'

Also suite teardown failed:
Several failures occurred:

1) NoSuchWindowException: Message: no such window: target window already closed
from unknown error: web view not found
  (Session info: chrome=73.0.3683.103)
  (Driver info: chromedriver=2.46.628402 (536cd7adbad73a3783fdc2cab92ab2ba7ec361e1),platform=Windows NT 10.0.16299 x86_64)


2) NoSuchWindowException: Message: no such window: target window already closed
from unknown error: web view not found
  (Session info: chrome=73.0.3683.103)
  (Driver info: chromedriver=2.46.628402 (536cd7adbad73a3783fdc2cab92ab2ba7ec361e1),platform=Windows NT 10.0.16299 x86_64)


3) NoSuchWindowException: Message: no such window: target window already closed
    [ Message content over the limit has been removed. ]
from unknown error: web view not found
  (Session info: chrome=73.0.3683.103)
  (Driver info: chromedriver=2.46.628402 (536cd7adbad73a3783fdc2cab92ab2ba7ec361e1),platform=Windows NT 10.0.16299 x86_64)


10) NoSuchWindowException: Message: no such window: target window already closed
from unknown error: web view not found
  (Session info: chrome=73.0.3683.103)
  (Driver info: chromedriver=2.46.628402 (536cd7adbad73a3783fdc2cab92ab2ba7ec361e1),platform=Windows NT 10.0.16299 x86_64)


11) NoSuchWindowException: Message: no such window: target window already closed
from unknown error: web view not found
  (Session info: chrome=73.0.3683.103)
  (Driver info: chromedriver=2.46.628402 (536cd7adbad73a3783fdc2cab92ab2ba7ec361e1),platform=Windows NT 10.0.16299 x86_64)</status>
</suite>
<statistics>
<total>
<stat fail="1" pass="0">Critical Tests</stat>
<stat fail="1" pass="0">All Tests</stat>
</total>
<tag>
<stat fail="1" pass="0">Sanity</stat>
<stat fail="1" pass="0">TC1</stat>
</tag>
<suite>
<stat fail="1" id="s1" name="Amazon Gojek Master Suite" pass="0">Amazon Gojek Master Suite</stat>
</suite>
</statistics>
<errors>
<msg timestamp="20190511 19:33:14.378" level="WARN">Keyword 'Capture Page Screenshot' could not be run on failure: NoSuchWindowException: Message: no such window: target window already closed
from unknown error: web view not found
  (Session info: chrome=73.0.3683.103)
  (Driver info: chromedriver=2.46.628402 (536cd7adbad73a3783fdc2cab92ab2ba7ec361e1),platform=Windows NT 10.0.16299 x86_64)
</msg>
<msg timestamp="20190511 19:33:14.545" level="WARN">Keyword 'Capture Page Screenshot' could not be run on failure: NoSuchWindowException: Message: no such window: target window already closed
from unknown error: web view not found
  (Session info: chrome=73.0.3683.103)
  (Driver info: chromedriver=2.46.628402 (536cd7adbad73a3783fdc2cab92ab2ba7ec361e1),platform=Windows NT 10.0.16299 x86_64)
</msg>
<msg timestamp="20190511 19:33:14.562" level="WARN">Keyword 'Capture Page Screenshot' could not be run on failure: NoSuchWindowException: Message: no such window: target window already closed
from unknown error: web view not found
  (Session info: chrome=73.0.3683.103)
  (Driver info: chromedriver=2.46.628402 (536cd7adbad73a3783fdc2cab92ab2ba7ec361e1),platform=Windows NT 10.0.16299 x86_64)
</msg>
<msg timestamp="20190511 19:33:14.578" level="WARN">Keyword 'Capture Page Screenshot' could not be run on failure: NoSuchWindowException: Message: no such window: target window already closed
from unknown error: web view not found
  (Session info: chrome=73.0.3683.103)
  (Driver info: chromedriver=2.46.628402 (536cd7adbad73a3783fdc2cab92ab2ba7ec361e1),platform=Windows NT 10.0.16299 x86_64)
</msg>
<msg timestamp="20190511 19:33:14.597" level="WARN">Keyword 'Capture Page Screenshot' could not be run on failure: NoSuchWindowException: Message: no such window: target window already closed
from unknown error: web view not found
  (Session info: chrome=73.0.3683.103)
  (Driver info: chromedriver=2.46.628402 (536cd7adbad73a3783fdc2cab92ab2ba7ec361e1),platform=Windows NT 10.0.16299 x86_64)
</msg>
<msg timestamp="20190511 19:33:14.686" level="WARN">Keyword 'Capture Page Screenshot' could not be run on failure: NoSuchWindowException: Message: no such window: target window already closed
from unknown error: web view not found
  (Session info: chrome=73.0.3683.103)
  (Driver info: chromedriver=2.46.628402 (536cd7adbad73a3783fdc2cab92ab2ba7ec361e1),platform=Windows NT 10.0.16299 x86_64)
</msg>
<msg timestamp="20190511 19:33:14.702" level="WARN">Keyword 'Capture Page Screenshot' could not be run on failure: NoSuchWindowException: Message: no such window: target window already closed
from unknown error: web view not found
  (Session info: chrome=73.0.3683.103)
  (Driver info: chromedriver=2.46.628402 (536cd7adbad73a3783fdc2cab92ab2ba7ec361e1),platform=Windows NT 10.0.16299 x86_64)
</msg>
<msg timestamp="20190511 19:33:14.721" level="WARN">Keyword 'Capture Page Screenshot' could not be run on failure: NoSuchWindowException: Message: no such window: target window already closed
from unknown error: web view not found
  (Session info: chrome=73.0.3683.103)
  (Driver info: chromedriver=2.46.628402 (536cd7adbad73a3783fdc2cab92ab2ba7ec361e1),platform=Windows NT 10.0.16299 x86_64)
</msg>
<msg timestamp="20190511 19:33:14.739" level="WARN">Keyword 'Capture Page Screenshot' could not be run on failure: NoSuchWindowException: Message: no such window: target window already closed
from unknown error: web view not found
  (Session info: chrome=73.0.3683.103)
  (Driver info: chromedriver=2.46.628402 (536cd7adbad73a3783fdc2cab92ab2ba7ec361e1),platform=Windows NT 10.0.16299 x86_64)
</msg>
<msg timestamp="20190511 19:33:14.820" level="WARN">Keyword 'Capture Page Screenshot' could not be run on failure: NoSuchWindowException: Message: no such window: target window already closed
from unknown error: web view not found
  (Session info: chrome=73.0.3683.103)
  (Driver info: chromedriver=2.46.628402 (536cd7adbad73a3783fdc2cab92ab2ba7ec361e1),platform=Windows NT 10.0.16299 x86_64)
</msg>
<msg timestamp="20190511 19:33:14.835" level="WARN">Keyword 'Capture Page Screenshot' could not be run on failure: NoSuchWindowException: Message: no such window: target window already closed
from unknown error: web view not found
  (Session info: chrome=73.0.3683.103)
  (Driver info: chromedriver=2.46.628402 (536cd7adbad73a3783fdc2cab92ab2ba7ec361e1),platform=Windows NT 10.0.16299 x86_64)
</msg>
<msg timestamp="20190511 19:33:14.850" level="WARN">Keyword 'Capture Page Screenshot' could not be run on failure: NoSuchWindowException: Message: no such window: target window already closed
from unknown error: web view not found
  (Session info: chrome=73.0.3683.103)
  (Driver info: chromedriver=2.46.628402 (536cd7adbad73a3783fdc2cab92ab2ba7ec361e1),platform=Windows NT 10.0.16299 x86_64)
</msg>
</errors>
</robot>
